-outxml
-source
1.6
-target
1.6
-classpath
/root/.m2/repository/com/mysql/jdbc/com.springsource.com.mysql.jdbc/5.1.6/com.springsource.com.mysql.jdbc-5.1.6.jar:/root/.m2/repository/edu/emory/mathcs/backport/com.springsource.edu.emory.mathcs.backport/3.1.0/com.springsource.edu.emory.mathcs.backport-3.1.0.jar:/root/.m2/repository/edu/oswego/cs/concurrent/com.springsource.edu.oswego.cs.dl.util.concurrent/1.3.4/com.springsource.edu.oswego.cs.dl.util.concurrent-1.3.4.jar:/root/.m2/repository/javax/persistence/com.springsource.javax.persistence/1.0.0/com.springsource.javax.persistence-1.0.0.jar:/root/.m2/repository/javax/servlet/com.springsource.javax.servlet/2.5.0/com.springsource.javax.servlet-2.5.0.jar:/root/.m2/repository/javax/servlet/com.springsource.javax.servlet.jsp.jstl/1.2.0/com.springsource.javax.servlet.jsp.jstl-1.2.0.jar:/root/.m2/repository/javax/transaction/com.springsource.javax.transaction/1.1.0/com.springsource.javax.transaction-1.1.0.jar:/root/.m2/repository/javax/validation/com.springsource.javax.validation/1.0.0.GA/com.springsource.javax.validation-1.0.0.GA.jar:/root/.m2/repository/net/sourceforge/cglib/com.springsource.net.sf.cglib/2.1.3/com.springsource.net.sf.cglib-2.1.3.jar:/root/.m2/repository/net/sourceforge/ehcache/com.springsource.net.sf.ehcache/1.4.1/com.springsource.net.sf.ehcache-1.4.1.jar:/root/.m2/repository/net/sourceforge/jsr107cache/com.springsource.net.sf.jsr107cache/1.0.0/com.springsource.net.sf.jsr107cache-1.0.0.jar:/root/.m2/repository/org/antlr/com.springsource.antlr/2.7.6/com.springsource.antlr-2.7.6.jar:/root/.m2/repository/org/aopalliance/com.springsource.org.aopalliance/1.0.0/com.springsource.org.aopalliance-1.0.0.jar:/root/.m2/repository/org/apache/commons/com.springsource.org.apache.commons.beanutils/1.8.0/com.springsource.org.apache.commons.beanutils-1.8.0.jar:/root/.m2/repository/org/apache/commons/com.springsource.org.apache.commons.collections/3.2.0/com.springsource.org.apache.commons.collections-3.2.0.jar:/root/.m2/repository/org/apache/commons/com.springsource.org.apache.commons.dbcp/1.2.2.osgi/com.springsource.org.apache.commons.dbcp-1.2.2.osgi.jar:/root/.m2/repository/org/apache/commons/com.springsource.org.apache.commons.digester/1.8.1/com.springsource.org.apache.commons.digester-1.8.1.jar:/root/.m2/repository/org/apache/commons/com.springsource.org.apache.commons.fileupload/1.2.0/com.springsource.org.apache.commons.fileupload-1.2.0.jar:/root/.m2/repository/org/apache/commons/com.springsource.org.apache.commons.io/1.4.0/com.springsource.org.apache.commons.io-1.4.0.jar:/root/.m2/repository/org/apache/commons/com.springsource.org.apache.commons.logging/1.1.1/com.springsource.org.apache.commons.logging-1.1.1.jar:/root/.m2/repository/org/apache/commons/com.springsource.org.apache.commons.pool/1.3.0/com.springsource.org.apache.commons.pool-1.3.0.jar:/root/.m2/repository/org/apache/el/com.springsource.org.apache.el/6.0.20/com.springsource.org.apache.el-6.0.20.jar:/root/.m2/repository/org/apache/log4j/com.springsource.org.apache.log4j/1.2.15/com.springsource.org.apache.log4j-1.2.15.jar:/root/.m2/repository/org/apache/taglibs/com.springsource.org.apache.taglibs.standard/1.1.2/com.springsource.org.apache.taglibs.standard-1.1.2.jar:/root/.m2/repository/org/apache/tiles/com.springsource.org.apache.tiles/2.1.3/com.springsource.org.apache.tiles-2.1.3.jar:/root/.m2/repository/org/apache/tiles/com.springsource.org.apache.tiles.core/2.1.3/com.springsource.org.apache.tiles.core-2.1.3.jar:/root/.m2/repository/org/apache/tiles/com.springsource.org.apache.tiles.jsp/2.1.3/com.springsource.org.apache.tiles.jsp-2.1.3.jar:/root/.m2/repository/org/apache/tiles/com.springsource.org.apache.tiles.servlet/2.1.3/com.springsource.org.apache.tiles.servlet-2.1.3.jar:/root/.m2/repository/org/aspectj/com.springsource.org.aspectj.runtime/1.6.6.RELEASE/com.springsource.org.aspectj.runtime-1.6.6.RELEASE.jar:/root/.m2/repository/org/dom4j/com.springsource.org.dom4j/1.6.1/com.springsource.org.dom4j-1.6.1.jar:/root/.m2/repository/org/hibernate/com.springsource.org.hibernate/3.2.6.ga/com.springsource.org.hibernate-3.2.6.ga.jar:/root/.m2/repository/org/hibernate/com.springsource.org.hibernate.annotations/3.3.1.ga/com.springsource.org.hibernate.annotations-3.3.1.ga.jar:/root/.m2/repository/org/hibernate/com.springsource.org.hibernate.annotations.common/3.3.0.ga/com.springsource.org.hibernate.annotations.common-3.3.0.ga.jar:/root/.m2/repository/org/hibernate/com.springsource.org.hibernate.ejb/3.3.2.GA/com.springsource.org.hibernate.ejb-3.3.2.GA.jar:/root/.m2/repository/org/hibernate/com.springsource.org.hibernate.validator/4.0.0.GA/com.springsource.org.hibernate.validator-4.0.0.GA.jar:/root/.m2/repository/org/jboss/javassist/com.springsource.javassist/3.3.0.ga/com.springsource.javassist-3.3.0.ga.jar:/root/.m2/repository/org/jboss/util/com.springsource.org.jboss.util/2.0.4.GA/com.springsource.org.jboss.util-2.0.4.GA.jar:/root/.m2/repository/org/joda/com.springsource.org.joda.time/1.6.0/com.springsource.org.joda.time-1.6.0.jar:/root/.m2/repository/org/objectweb/asm/com.springsource.org.objectweb.asm/1.5.3/com.springsource.org.objectweb.asm-1.5.3.jar:/root/.m2/repository/org/objectweb/asm/com.springsource.org.objectweb.asm.attrs/1.5.3/com.springsource.org.objectweb.asm.attrs-1.5.3.jar:/root/.m2/repository/org/slf4j/com.springsource.slf4j.api/1.5.6/com.springsource.slf4j.api-1.5.6.jar:/root/.m2/repository/org/slf4j/com.springsource.slf4j.log4j/1.5.6/com.springsource.slf4j.log4j-1.5.6.jar:/root/.m2/repository/org/springframework/org.springframework.aop/3.0.0.RELEASE/org.springframework.aop-3.0.0.RELEASE.jar:/root/.m2/repository/org/springframework/org.springframework.asm/3.0.0.RELEASE/org.springframework.asm-3.0.0.RELEASE.jar:/root/.m2/repository/org/springframework/org.springframework.aspects/3.0.0.RELEASE/org.springframework.aspects-3.0.0.RELEASE.jar:/root/.m2/repository/org/springframework/org.springframework.beans/3.0.0.RELEASE/org.springframework.beans-3.0.0.RELEASE.jar:/root/.m2/repository/org/springframework/org.springframework.context/3.0.0.RELEASE/org.springframework.context-3.0.0.RELEASE.jar:/root/.m2/repository/org/springframework/org.springframework.core/3.0.0.RELEASE/org.springframework.core-3.0.0.RELEASE.jar:/root/.m2/repository/org/springframework/org.springframework.expression/3.0.0.RELEASE/org.springframework.expression-3.0.0.RELEASE.jar:/root/.m2/repository/org/springframework/org.springframework.jdbc/3.0.0.RELEASE/org.springframework.jdbc-3.0.0.RELEASE.jar:/root/.m2/repository/org/springframework/org.springframework.orm/3.0.0.RELEASE/org.springframework.orm-3.0.0.RELEASE.jar:/root/.m2/repository/org/springframework/org.springframework.transaction/3.0.0.RELEASE/org.springframework.transaction-3.0.0.RELEASE.jar:/root/.m2/repository/org/springframework/org.springframework.web/3.0.0.RELEASE/org.springframework.web-3.0.0.RELEASE.jar:/root/.m2/repository/org/springframework/org.springframework.web.servlet/3.0.0.RELEASE/org.springframework.web.servlet-3.0.0.RELEASE.jar:/root/.m2/repository/org/springframework/roo/org.springframework.roo.annotations/1.0.2.RELEASE/org.springframework.roo.annotations-1.0.2.RELEASE.jar:/root/.m2/repository/org/springframework/webflow/org.springframework.js/2.0.8.RELEASE/org.springframework.js-2.0.8.RELEASE.jar:/root/.m2/repository/org/tuckey/com.springsource.org.tuckey.web.filters.urlrewrite/3.1.0/com.springsource.org.tuckey.web.filters.urlrewrite-3.1.0.jar:/home/artaud/dev/pizza/target/classes
-aspectpath
/root/.m2/repository/org/springframework/org.springframework.aspects/3.0.0.RELEASE/org.springframework.aspects-3.0.0.RELEASE.jar
-d
/home/artaud/dev/pizza/target/classes
/home/artaud/dev/pizza/src/main/java/com/springsource/pizzashop/domain/Base.java
/home/artaud/dev/pizza/src/main/java/com/springsource/pizzashop/domain/Topping_Roo_JavaBean.aj
/home/artaud/dev/pizza/src/main/java/com/springsource/pizzashop/domain/PizzaOrder_Roo_ToString.aj
/home/artaud/dev/pizza/src/main/java/com/springsource/pizzashop/web/PizzaOrderController_Roo_Controller.aj
/home/artaud/dev/pizza/src/main/java/com/springsource/pizzashop/domain/Pizza_Roo_Configurable.aj
/home/artaud/dev/pizza/src/main/java/com/springsource/pizzashop/domain/Base_Roo_Configurable.aj
/home/artaud/dev/pizza/src/main/java/com/springsource/pizzashop/web/BaseController.java
/home/artaud/dev/pizza/src/main/java/com/springsource/pizzashop/domain/PizzaOrder_Roo_Entity.aj
/home/artaud/dev/pizza/src/main/java/com/springsource/pizzashop/domain/Pizza_Roo_Entity.aj
/home/artaud/dev/pizza/src/main/java/com/springsource/pizzashop/domain/Topping_Roo_Entity.aj
/home/artaud/dev/pizza/src/main/java/com/springsource/pizzashop/web/PizzaController.java
/home/artaud/dev/pizza/src/main/java/com/springsource/pizzashop/domain/Pizza_Roo_ToString.aj
/home/artaud/dev/pizza/src/main/java/com/springsource/pizzashop/web/ToppingController_Roo_Controller.aj
/home/artaud/dev/pizza/src/main/java/com/springsource/pizzashop/web/ToppingController.java
/home/artaud/dev/pizza/src/main/java/com/springsource/pizzashop/domain/Topping_Roo_ToString.aj
/home/artaud/dev/pizza/src/main/java/com/springsource/pizzashop/web/PizzaOrderController.java
/home/artaud/dev/pizza/src/main/java/com/springsource/pizzashop/domain/Pizza_Roo_JavaBean.aj
/home/artaud/dev/pizza/src/main/java/com/springsource/pizzashop/domain/Topping.java
/home/artaud/dev/pizza/src/main/java/com/springsource/pizzashop/domain/Base_Roo_ToString.aj
/home/artaud/dev/pizza/src/main/java/com/springsource/pizzashop/domain/PizzaOrder.java
/home/artaud/dev/pizza/src/main/java/com/springsource/pizzashop/domain/Topping_Roo_Configurable.aj
/home/artaud/dev/pizza/src/main/java/com/springsource/pizzashop/domain/Base_Roo_JavaBean.aj
/home/artaud/dev/pizza/src/main/java/com/springsource/pizzashop/domain/PizzaOrder_Roo_Configurable.aj
/home/artaud/dev/pizza/src/main/java/com/springsource/pizzashop/domain/Base_Roo_Entity.aj
/home/artaud/dev/pizza/src/main/java/com/springsource/pizzashop/web/PizzaController_Roo_Controller.aj
/home/artaud/dev/pizza/src/main/java/com/springsource/pizzashop/web/BaseController_Roo_Controller.aj
/home/artaud/dev/pizza/src/main/java/com/springsource/pizzashop/domain/Pizza.java
/home/artaud/dev/pizza/src/main/java/com/springsource/pizzashop/domain/PizzaOrder_Roo_JavaBean.aj
